This is XeTeX, Version 3.141592653-2.6-0.999995 (TeX Live 2023/Arch Linux) (preloaded format=xelatex 2023.4.21)  14 MAY 2023 18:54
entering extended mode
 restricted \write18 enabled.
 %&-line parsing enabled.
**addpost.html
(./addpost.html
LaTeX2e <2022-11-01> patch level 1
L3 programming layer <2023-02-22>

! LaTeX Error: Missing \begin{document}.

See the LaTeX manual or LaTeX Companion for explanation.
Type  H <return>  for immediate help.
 ...                                              
                                                  
l.4 <
     h1>Add new collection</h1>
? 
! Emergency stop.
 ...                                              
                                                  
l.4 <
     h1>Add new collection</h1>
You're in trouble here.  Try typing  <return>  to proceed.
If that doesn't work, type  X <return>  to quit.

 
Here is how much of TeX's memory you used:
 17 strings out of 476683
 437 string characters out of 5809790
 1842018 words of memory out of 5000000
 20363 multiletter control sequences out of 15000+600000
 512287 words of font info for 32 fonts, out of 8000000 for 9000
 1348 hyphenation exceptions out of 8191
 12i,0n,12p,72b,20s stack positions out of 5000i,500n,10000p,200000b,80000s
No pages of output.
